d:\project\game development\gamedirectx9\gamedirectx\directxgame\demodirectx\debug\vc141.pdb
d:\project\game development\gamedirectx9\gamedirectx\directxgame\demodirectx\debug\vc141.idb
d:\project\game development\gamedirectx9\gamedirectx\directxgame\demodirectx\debug\gameobject.obj
d:\project\game development\gamedirectx9\gamedirectx\directxgame\demodirectx\debug\bricknormal.obj
d:\project\game development\gamedirectx9\gamedirectx\directxgame\demodirectx\debug\brickgold.obj
d:\project\game development\gamedirectx9\gamedirectx\directxgame\demodirectx\debug\brick.obj
d:\project\game development\gamedirectx9\gamedirectx\directxgame\demodirectx\debug\entity.obj
d:\project\game development\gamedirectx9\gamedirectx\directxgame\demodirectx\debug\scenemanager.obj
d:\project\game development\gamedirectx9\gamedirectx\directxgame\demodirectx\debug\sprite.obj
d:\project\game development\gamedirectx9\gamedirectx\directxgame\demodirectx\debug\scene.obj
d:\project\game development\gamedirectx9\gamedirectx\directxgame\demodirectx\debug\quadtree.obj
d:\project\game development\gamedirectx9\gamedirectx\directxgame\demodirectx\debug\gametime.obj
d:\project\game development\gamedirectx9\gamedirectx\directxgame\demodirectx\debug\gamemap.obj
d:\project\game development\gamedirectx9\gamedirectx\directxgame\demodirectx\debug\gameglobal.obj
d:\project\game development\gamedirectx9\gamedirectx\directxgame\demodirectx\debug\gamecollision.obj
d:\project\game development\gamedirectx9\gamedirectx\directxgame\demodirectx\debug\gameanimation.obj
d:\project\game development\gamedirectx9\gamedirectx\directxgame\demodirectx\debug\camera.obj
d:\project\game development\gamedirectx9\gamedirectx\directxgame\demodirectx\debug\tmxtile.obj
d:\project\game development\gamedirectx9\gamedirectx\directxgame\demodirectx\debug\tmxterrainarray.obj
d:\project\game development\gamedirectx9\gamedirectx\directxgame\demodirectx\debug\tmxterrain.obj
d:\project\game development\gamedirectx9\gamedirectx\directxgame\demodirectx\debug\tmxpropertyset.obj
d:\project\game development\gamedirectx9\gamedirectx\directxgame\demodirectx\debug\tmxpolyline.obj
d:\project\game development\gamedirectx9\gamedirectx\directxgame\demodirectx\debug\tmxpolygon.obj
d:\project\game development\gamedirectx9\gamedirectx\directxgame\demodirectx\debug\tmxobjectgroup.obj
d:\project\game development\gamedirectx9\gamedirectx\directxgame\demodirectx\debug\tmxobject.obj
d:\project\game development\gamedirectx9\gamedirectx\directxgame\demodirectx\debug\tmxmap.obj
d:\project\game development\gamedirectx9\gamedirectx\directxgame\demodirectx\debug\tmxlayer.obj
d:\project\game development\gamedirectx9\gamedirectx\directxgame\demodirectx\debug\tmximagelayer.obj
d:\project\game development\gamedirectx9\gamedirectx\directxgame\demodirectx\debug\tmximage.obj
d:\project\game development\gamedirectx9\gamedirectx\directxgame\demodirectx\debug\tmxellipse.obj
d:\project\game development\gamedirectx9\gamedirectx\directxgame\demodirectx\debug\tinyxmlparser.obj
d:\project\game development\gamedirectx9\gamedirectx\directxgame\demodirectx\debug\tinyxmlerror.obj
d:\project\game development\gamedirectx9\gamedirectx\directxgame\demodirectx\debug\tinyxml2.obj
d:\project\game development\gamedirectx9\gamedirectx\directxgame\demodirectx\debug\tinyxml.obj
d:\project\game development\gamedirectx9\gamedirectx\directxgame\demodirectx\debug\tinystr.obj
d:\project\game development\gamedirectx9\gamedirectx\directxgame\demodirectx\debug\base64.obj
d:\project\game development\gamedirectx9\gamedirectx\directxgame\demodirectx\debug\main.obj
d:\project\game development\gamedirectx9\gamedirectx\directxgame\demodirectx\debug\tmxutil.obj
d:\project\game development\gamedirectx9\gamedirectx\directxgame\demodirectx\debug\tmxtileset.obj
d:\project\game development\gamedirectx9\gamedirectx\directxgame\demodirectx\debug\tmxtileoffset.obj
d:\project\game development\gamedirectx9\gamedirectx\directxgame\demodirectx\debug\tmxtilelayer.obj
d:\project\game development\gamedirectx9\gamedirectx\directxgame\demodirectx\debug\demodirectx.tlog\cl.command.1.tlog
d:\project\game development\gamedirectx9\gamedirectx\directxgame\demodirectx\debug\demodirectx.tlog\cl.read.1.tlog
d:\project\game development\gamedirectx9\gamedirectx\directxgame\demodirectx\debug\demodirectx.tlog\cl.write.1.tlog
