c:\users\administrator\documents\visual studio 2017\project\directxengine\directxengine\debug\vc141.pdb
c:\users\administrator\documents\visual studio 2017\project\directxengine\directxengine\debug\vc141.idb
c:\users\administrator\documents\visual studio 2017\project\directxengine\directxengine\debug\wmain.obj
c:\users\administrator\documents\visual studio 2017\project\directxengine\directxengine\debug\sprite.obj
c:\users\administrator\documents\visual studio 2017\project\directxengine\directxengine\debug\scenemanager.obj
c:\users\administrator\documents\visual studio 2017\project\directxengine\directxengine\debug\scene.obj
c:\users\administrator\documents\visual studio 2017\project\directxengine\directxengine\debug\gametime.obj
c:\users\administrator\documents\visual studio 2017\project\directxengine\directxengine\debug\gameglobal.obj
c:\users\administrator\documents\visual studio 2017\project\directxengine\directxengine\debug\game.obj
c:\users\administrator\documents\visual studio 2017\project\directxengine\directxengine\debug\framework.obj
c:\users\administrator\documents\visual studio 2017\project\directxengine\directxengine\debug\demoscene.obj
c:\users\administrator\documents\visual studio 2017\project\directxengine\directxengine\debug\animation.obj
c:\users\administrator\documents\visual studio 2017\project\directxengine\debug\directxengine.ilk
c:\users\administrator\documents\visual studio 2017\project\directxengine\debug\directxengine.exe
c:\users\administrator\documents\visual studio 2017\project\directxengine\debug\directxengine.pdb
c:\users\administrator\documents\visual studio 2017\project\directxengine\directxengine\debug\directxengine.tlog\cl.command.1.tlog
c:\users\administrator\documents\visual studio 2017\project\directxengine\directxengine\debug\directxengine.tlog\cl.read.1.tlog
c:\users\administrator\documents\visual studio 2017\project\directxengine\directxengine\debug\directxengine.tlog\cl.write.1.tlog
c:\users\administrator\documents\visual studio 2017\project\directxengine\directxengine\debug\directxengine.tlog\link.command.1.tlog
c:\users\administrator\documents\visual studio 2017\project\directxengine\directxengine\debug\directxengine.tlog\link.read.1.tlog
c:\users\administrator\documents\visual studio 2017\project\directxengine\directxengine\debug\directxengine.tlog\link.write.1.tlog
