  Animation.cpp
  Brick.cpp
  BrickGold.cpp
  BrickNormal.cpp
  Camera.cpp
  DemoScene.cpp
c:\users\administrator\desktop\game development\directx9\directxengine\directxengine\demoscene.cpp(24): warning C4244: 'argument': conversion from 'int' to 'float', possible loss of data
c:\users\administrator\desktop\game development\directx9\directxengine\directxengine\demoscene.cpp(29): warning C4244: 'argument': conversion from 'int' to 'float', possible loss of data
  Entity.cpp
c:\users\administrator\desktop\game development\directx9\directxengine\directxengine\entity.cpp(15): warning C4244: '=': conversion from 'float' to 'LONG', possible loss of data
c:\users\administrator\desktop\game development\directx9\directxengine\directxengine\entity.cpp(17): warning C4244: '=': conversion from 'float' to 'LONG', possible loss of data
  FrameWork.cpp
c:\users\administrator\desktop\game development\directx9\directxengine\directxengine\framework.cpp(199): warning C4244: 'argument': conversion from 'int' to 'float', possible loss of data
c:\users\administrator\desktop\game development\directx9\directxengine\directxengine\framework.cpp(198): warning C4244: 'argument': conversion from 'int' to 'float', possible loss of data
  Game.cpp
  GameCollision.cpp
  GameGlobal.cpp
  GameMap.cpp
c:\users\administrator\desktop\game development\directx9\directxengine\directxengine\gamemap.cpp(133): warning C4244: 'argument': conversion from 'int' to 'FLOAT', possible loss of data
c:\users\administrator\desktop\game development\directx9\directxengine\directxengine\gamemap.cpp(236): warning C4244: '=': conversion from 'float' to 'LONG', possible loss of data
c:\users\administrator\desktop\game development\directx9\directxengine\directxengine\gamemap.cpp(237): warning C4244: '=': conversion from 'float' to 'LONG', possible loss of data
  GameTime.cpp
c:\users\administrator\desktop\game development\directx9\directxengine\directxengine\gametime.cpp(34): warning C4244: 'return': conversion from 'LONGLONG' to 'float', possible loss of data
  Input.cpp
  c:\program files (x86)\microsoft directx sdk (june 2010)\include\dinput.h: DIRECTINPUT_VERSION undefined. Defaulting to version 0x0800
  MapObject.cpp
  base64.cpp
  tinyxml2.cpp
  TmxEllipse.cpp
  TmxImage.cpp
  TmxImageLayer.cpp
  Generating Code...
  Compiling...
  TmxLayer.cpp
  TmxMap.cpp
  TmxObject.cpp
  TmxObjectGroup.cpp
  TmxPolygon.cpp
  TmxPolyline.cpp
  TmxPropertySet.cpp
  TmxTerrain.cpp
  TmxTerrainArray.cpp
  TmxTile.cpp
  TmxTileLayer.cpp
  TmxTileOffset.cpp
  TmxTileset.cpp
  TmxUtil.cpp
  Player.cpp
c:\users\administrator\desktop\game development\directx9\directxengine\directxengine\player.cpp(30): warning C4244: '=': conversion from 'float' to 'LONG', possible loss of data
c:\users\administrator\desktop\game development\directx9\directxengine\directxengine\player.cpp(32): warning C4244: '=': conversion from 'float' to 'LONG', possible loss of data
  PlayerData.cpp
  PlayerFallingState.cpp
c:\users\administrator\desktop\game development\directx9\directxengine\directxengine\playerfallingstate.cpp(71): warning C4244: 'argument': conversion from 'LONG' to 'float', possible loss of data
c:\users\administrator\desktop\game development\directx9\directxengine\directxengine\playerfallingstate.cpp(80): warning C4244: 'argument': conversion from 'LONG' to 'float', possible loss of data
c:\users\administrator\desktop\game development\directx9\directxengine\directxengine\playerfallingstate.cpp(90): warning C4244: 'argument': conversion from 'LONG' to 'float', possible loss of data
  PlayerJumpingState.cpp
c:\users\administrator\desktop\game development\directx9\directxengine\directxengine\playerjumpingstate.cpp(104): warning C4244: 'argument': conversion from 'LONG' to 'float', possible loss of data
c:\users\administrator\desktop\game development\directx9\directxengine\directxengine\playerjumpingstate.cpp(110): warning C4244: 'argument': conversion from 'LONG' to 'float', possible loss of data
c:\users\administrator\desktop\game development\directx9\directxengine\directxengine\playerjumpingstate.cpp(115): warning C4244: 'argument': conversion from 'LONG' to 'float', possible loss of data
c:\users\administrator\desktop\game development\directx9\directxengine\directxengine\playerjumpingstate.cpp(121): warning C4244: 'argument': conversion from 'LONG' to 'float', possible loss of data
  PlayerRunningState.cpp
c:\users\administrator\desktop\game development\directx9\directxengine\directxengine\playerrunningstate.cpp(59): warning C4244: 'argument': conversion from 'LONG' to 'float', possible loss of data
c:\users\administrator\desktop\game development\directx9\directxengine\directxengine\playerrunningstate.cpp(69): warning C4244: 'argument': conversion from 'LONG' to 'float', possible loss of data
c:\users\administrator\desktop\game development\directx9\directxengine\directxengine\playerrunningstate.cpp(76): warning C4244: 'argument': conversion from 'LONG' to 'float', possible loss of data
  PlayerStandingState.cpp
  Generating Code...
  Compiling...
  PlayerState.cpp
  QuadTree.cpp
  Scene.cpp
  SceneManager.cpp
  Sprite.cpp
c:\users\administrator\desktop\game development\directx9\directxengine\directxengine\sprite.cpp(131): warning C4244: 'argument': conversion from 'int' to 'FLOAT', possible loss of data
  wMain.cpp
  Generating Code...
  miniz.c
  DirectXEngine.vcxproj -> C:\Users\Administrator\Desktop\Game Development\DirectX9\DirectXEngine\Debug\DirectXEngine.exe
