c:\users\administrator\desktop\game development\11 - collision\directxgame\demodirectx\debug\vc141.pdb
c:\users\administrator\desktop\game development\11 - collision\directxgame\demodirectx\debug\vc141.idb
c:\users\administrator\desktop\game development\11 - collision\directxgame\demodirectx\debug\playerjumpingstate.obj
c:\users\administrator\desktop\game development\11 - collision\directxgame\demodirectx\debug\playerfallingstate.obj
c:\users\administrator\desktop\game development\11 - collision\directxgame\demodirectx\debug\playerdata.obj
c:\users\administrator\desktop\game development\11 - collision\directxgame\demodirectx\debug\player.obj
c:\users\administrator\desktop\game development\11 - collision\directxgame\demodirectx\debug\gameobject.obj
c:\users\administrator\desktop\game development\11 - collision\directxgame\demodirectx\debug\bricknormal.obj
c:\users\administrator\desktop\game development\11 - collision\directxgame\demodirectx\debug\brickgold.obj
c:\users\administrator\desktop\game development\11 - collision\directxgame\demodirectx\debug\brick.obj
c:\users\administrator\desktop\game development\11 - collision\directxgame\demodirectx\debug\entity.obj
c:\users\administrator\desktop\game development\11 - collision\directxgame\demodirectx\debug\scenemanager.obj
c:\users\administrator\desktop\game development\11 - collision\directxgame\demodirectx\debug\sprite.obj
c:\users\administrator\desktop\game development\11 - collision\directxgame\demodirectx\debug\scene.obj
c:\users\administrator\desktop\game development\11 - collision\directxgame\demodirectx\debug\quadtree.obj
c:\users\administrator\desktop\game development\11 - collision\directxgame\demodirectx\debug\gametime.obj
c:\users\administrator\desktop\game development\11 - collision\directxgame\demodirectx\debug\gameglobal.obj
c:\users\administrator\desktop\game development\11 - collision\directxgame\demodirectx\debug\game.obj
c:\users\administrator\desktop\game development\11 - collision\directxgame\demodirectx\debug\camera.obj
c:\users\administrator\desktop\game development\11 - collision\directxgame\demodirectx\debug\animation.obj
c:\users\administrator\desktop\game development\11 - collision\directxgame\demodirectx\debug\tmxtilelayer.obj
c:\users\administrator\desktop\game development\11 - collision\directxgame\demodirectx\debug\tmxtile.obj
c:\users\administrator\desktop\game development\11 - collision\directxgame\demodirectx\debug\tmxterrainarray.obj
c:\users\administrator\desktop\game development\11 - collision\directxgame\demodirectx\debug\tmxterrain.obj
c:\users\administrator\desktop\game development\11 - collision\directxgame\demodirectx\debug\tmxpropertyset.obj
c:\users\administrator\desktop\game development\11 - collision\directxgame\demodirectx\debug\tmxpolyline.obj
c:\users\administrator\desktop\game development\11 - collision\directxgame\demodirectx\debug\tmxpolygon.obj
c:\users\administrator\desktop\game development\11 - collision\directxgame\demodirectx\debug\tmxobjectgroup.obj
c:\users\administrator\desktop\game development\11 - collision\directxgame\demodirectx\debug\tmxobject.obj
c:\users\administrator\desktop\game development\11 - collision\directxgame\demodirectx\debug\tmxmap.obj
c:\users\administrator\desktop\game development\11 - collision\directxgame\demodirectx\debug\tmxlayer.obj
c:\users\administrator\desktop\game development\11 - collision\directxgame\demodirectx\debug\tmximagelayer.obj
c:\users\administrator\desktop\game development\11 - collision\directxgame\demodirectx\debug\tmximage.obj
c:\users\administrator\desktop\game development\11 - collision\directxgame\demodirectx\debug\tmxellipse.obj
c:\users\administrator\desktop\game development\11 - collision\directxgame\demodirectx\debug\tinyxml2.obj
c:\users\administrator\desktop\game development\11 - collision\directxgame\demodirectx\debug\base64.obj
c:\users\administrator\desktop\game development\11 - collision\directxgame\demodirectx\debug\main.obj
c:\users\administrator\desktop\game development\11 - collision\directxgame\demodirectx\debug\playerstate.obj
c:\users\administrator\desktop\game development\11 - collision\directxgame\demodirectx\debug\playerrunningstate.obj
c:\users\administrator\desktop\game development\11 - collision\directxgame\demodirectx\debug\demoscene.obj
c:\users\administrator\desktop\game development\11 - collision\directxgame\demodirectx\debug\tmxutil.obj
c:\users\administrator\desktop\game development\11 - collision\directxgame\demodirectx\debug\tmxtileset.obj
c:\users\administrator\desktop\game development\11 - collision\directxgame\demodirectx\debug\tmxtileoffset.obj
c:\users\administrator\desktop\game development\11 - collision\directxgame\demodirectx\debug\demodirectx.tlog\cl.command.1.tlog
c:\users\administrator\desktop\game development\11 - collision\directxgame\demodirectx\debug\demodirectx.tlog\cl.read.1.tlog
c:\users\administrator\desktop\game development\11 - collision\directxgame\demodirectx\debug\demodirectx.tlog\cl.write.1.tlog
